2020-04-22 23:47:54,047::INFO::__main__::<ipython-input-4-5ada137640a5>::8::Added to the csv: Ramses Jalisco 555555 test@gmail.com
2020-04-22 23:47:54,048::INFO::__main__::<ipython-input-4-5ada137640a5>::8::Added to the csv: Gerardo Jalisco 555555 gerardo@gmail.com
2020-04-22 23:47:54,049::INFO::__main__::<ipython-input-4-5ada137640a5>::61::List saved to the csv
2020-04-22 23:47:54,050::INFO::__main__::<ipython-input-4-5ada137640a5>::72::Reading data from file correctly
2020-04-22 23:47:54,051::INFO::__main__::<ipython-input-4-5ada137640a5>::87::String Ram founded
2020-04-22 23:47:54,053::INFO::__main__::<ipython-input-4-5ada137640a5>::87::String Ger founded
2020-04-22 23:47:54,341::INFO::__main__::<ipython-input-6-9ad2621dabdb>::25::fileinputpath setted
2020-04-22 23:47:54,343::INFO::__main__::<ipython-input-6-9ad2621dabdb>::42::fileinputpath out setted
2020-04-22 23:47:54,345::INFO::__main__::<ipython-input-6-9ad2621dabdb>::25::fileinputpath setted
2020-04-22 23:47:54,353::INFO::__main__::<ipython-input-6-9ad2621dabdb>::42::fileinputpath out setted
2020-04-22 23:47:54,357::INFO::__main__::<ipython-input-6-9ad2621dabdb>::25::fileinputpath setted
2020-04-22 23:47:54,385::INFO::__main__::<ipython-input-6-9ad2621dabdb>::42::fileinputpath out setted
2020-04-22 23:47:54,421::INFO::__main__::<ipython-input-6-9ad2621dabdb>::25::fileinputpath setted
2020-04-22 23:47:54,978::INFO::__main__::<ipython-input-6-9ad2621dabdb>::42::fileinputpath out setted
2020-04-22 23:47:55,332::INFO::__main__::<ipython-input-6-9ad2621dabdb>::25::fileinputpath setted
2020-04-22 23:48:02,176::INFO::__main__::<ipython-input-6-9ad2621dabdb>::42::fileinputpath out setted
2020-04-22 23:48:02,214::INFO::__main__::<ipython-input-6-9ad2621dabdb>::25::fileinputpath setted
2020-04-22 23:48:02,216::INFO::__main__::<ipython-input-6-9ad2621dabdb>::42::fileinputpath out setted
2020-04-22 23:48:02,219::INFO::__main__::<ipython-input-6-9ad2621dabdb>::25::fileinputpath setted
2020-04-22 23:48:02,227::INFO::__main__::<ipython-input-6-9ad2621dabdb>::42::fileinputpath out setted
2020-04-22 23:48:02,231::INFO::__main__::<ipython-input-6-9ad2621dabdb>::25::fileinputpath setted
2020-04-22 23:48:02,266::INFO::__main__::<ipython-input-6-9ad2621dabdb>::42::fileinputpath out setted
2020-04-22 23:48:02,296::INFO::__main__::<ipython-input-6-9ad2621dabdb>::25::fileinputpath setted
2020-04-22 23:48:03,127::INFO::__main__::<ipython-input-6-9ad2621dabdb>::42::fileinputpath out setted
2020-04-22 23:48:03,457::INFO::__main__::<ipython-input-6-9ad2621dabdb>::25::fileinputpath setted
2020-04-22 23:48:14,846::INFO::__main__::<ipython-input-6-9ad2621dabdb>::42::fileinputpath out setted
2020-04-22 23:48:14,883::INFO::__main__::<ipython-input-6-9ad2621dabdb>::25::fileinputpath setted
2020-04-22 23:48:14,888::INFO::__main__::<ipython-input-6-9ad2621dabdb>::42::fileinputpath out setted
2020-04-22 23:48:14,890::INFO::__main__::<ipython-input-6-9ad2621dabdb>::25::fileinputpath setted
2020-04-22 23:48:14,897::INFO::__main__::<ipython-input-6-9ad2621dabdb>::42::fileinputpath out setted
2020-04-22 23:48:14,903::INFO::__main__::<ipython-input-6-9ad2621dabdb>::25::fileinputpath setted
2020-04-22 23:48:14,924::INFO::__main__::<ipython-input-6-9ad2621dabdb>::42::fileinputpath out setted
2020-04-22 23:48:14,970::INFO::__main__::<ipython-input-6-9ad2621dabdb>::25::fileinputpath setted
2020-04-22 23:48:15,441::INFO::__main__::<ipython-input-6-9ad2621dabdb>::42::fileinputpath out setted
2020-04-22 23:48:15,764::INFO::__main__::<ipython-input-6-9ad2621dabdb>::25::fileinputpath setted
2020-04-22 23:48:20,273::INFO::__main__::<ipython-input-6-9ad2621dabdb>::42::fileinputpath out setted
